<?xml version="1.0" encoding="UTF-8" ?>
<testsuite tests="1" failures="0" name="Pizza.Pizzaquality.AppTest" time="0.004" errors="0" skipped="0">
  <properties>
    <property name="java.runtime.name" value="Java(TM) SE Runtime Environment"/>
    <property name="sun.boot.library.path" value="C:\Softwares\Java\jdk1.8.0_121\jre\bin"/>
    <property name="java.vm.version" value="25.121-b13"/>
    <property name="java.vm.vendor" value="Oracle Corporation"/>
    <property name="maven.multiModuleProjectDirectory" value="C:\Techolution\IOTPractise\TrainingSession\DemoWorkspace\Pizzaquality"/>
    <property name="java.vendor.url" value="http://java.oracle.com/"/>
    <property name="path.separator" value=";"/>
    <property name="guice.disable.misplaced.annotation.check" value="true"/>
    <property name="java.vm.name" value="Java HotSpot(TM) 64-Bit Server VM"/>
    <property name="file.encoding.pkg" value="sun.io"/>
    <property name="user.script" value=""/>
    <property name="user.country" value="IN"/>
    <property name="sun.java.launcher" value="SUN_STANDARD"/>
    <property name="sun.os.patch.level" value=""/>
    <property name="java.vm.specification.name" value="Java Virtual Machine Specification"/>
    <property name="user.dir" value="C:\Techolution\IOTPractise\TrainingSession\DemoWorkspace\Pizzaquality"/>
    <property name="java.runtime.version" value="1.8.0_121-b13"/>
    <property name="java.awt.graphicsenv" value="sun.awt.Win32GraphicsEnvironment"/>
    <property name="java.endorsed.dirs" value="C:\Softwares\Java\jdk1.8.0_121\jre\lib\endorsed"/>
    <property name="os.arch" value="amd64"/>
    <property name="java.io.tmpdir" value="C:\Users\Lenovo\AppData\Local\Temp\"/>
    <property name="line.separator" value="
"/>
    <property name="java.vm.specification.vendor" value="Oracle Corporation"/>
    <property name="user.variant" value=""/>
    <property name="os.name" value="Windows 10"/>
    <property name="classworlds.conf" value="C:\Techolution\IOTPractise\TrainingSession\DemoWorkspace\.metadata\.plugins\org.eclipse.m2e.launching\launches\m2conf1776487712042868999.tmp"/>
    <property name="sun.jnu.encoding" value="Cp1252"/>
    <property name="java.library.path" value="C:\Softwares\Java\jdk1.8.0_121\bin;C:\WINDOWS\Sun\Java\bin;C:\WINDOWS\system32;C:\WINDOWS;C:/Softwares/Java/jdk1.8.0_121/jre/bin/server;C:/Softwares/Java/jdk1.8.0_121/jre/bin;C:/Softwares/Java/jdk1.8.0_121/jre/lib/amd64;C:\Program Files (x86)\ActiveState Komodo IDE 10\;C:\Softwares\Rtools\bin;C:\Softwares\Rtools\gcc-4.6.3\bin;C:\Program Files\Docker\Docker\Resources\bin;C:\ProgramData\Oracle\Java\javapath;C:\Program Files (x86)\Intel\iCLS Client\;C:\Program Files\Intel\iCLS Client\;C:\WINDOWS\system32;C:\WINDOWS;C:\WINDOWS\System32\Wbem;C:\WINDOWS\System32\WindowsPowerShell\v1.0\;C:\Program Files (x86)\Intel\Intel(R) Management Engine Components\DAL;C:\Program Files\Intel\Intel(R) Management Engine Components\DAL;C:\Program Files (x86)\Intel\Intel(R) Management Engine Components\IPT;C:\Program Files\Intel\Intel(R) Management Engine Components\IPT;C:\Softwares\Java\jdk1.8.0_121/bin;C:\Softwares\Maven\apache-maven-3.3.9-bin\apache-maven-3.3.9/bin;C:\Program Files\Cloud Foundry;C:\Softwares\Git\bin;%ZOOKEEPER_HOME%/bin;C:\Softwares\Selenium\geckodriver-v0.14.0-win64;C:\Program Files\Microsoft SQL Server\130\Tools\Binn\;C:\Program Files\dotnet\;C:\Program Files (x86)\GtkSharp\2.12\bin;C:\Program Files (x86)\Microsoft SDKs\Azure\CLI\wbin;C:\Program Files\PuTTY\;C:\Program Files\nodejs\;C:\Python27;C:\Users\Lenovo\AppData\Local\Programs\Python\Python35\Scripts;C:\Softwares\Hadoop\hadoop2.8\hadoop-2.8.0\bin;C:\Softwares\Hadoop\hadoop2.8\hadoop-2.8.0\sbin;C:\Softwares\Hadoop\hadoop2.8\hadoop-2.8.0\share\hadoop\common;C:\Softwares\Hadoop\hadoop2.8\hadoop-2.8.0\share\hadoop\hdfs;C:\Softwares\Hadoop\hadoop2.8\hadoop-2.8.0\share\hadoop\hdfs\lib\*;C:\Softwares\Hadoop\hadoop2.8\hadoop-2.8.0\share\hadoop\hdfs\*;C:\Softwares\Hadoop\hadoop2.8\hadoop-2.8.0\share\hadoop\yarn\lib\*;C:\Softwares\Hadoop\hadoop2.8\hadoop-2.8.0\share\hadoop\yarn\*;C:\Softwares\Hadoop\hadoop2.8\hadoop-2.8.0\share\hadoop\mapreduce\lib\*;C:\Softwares\Hadoop\hadoop2.8\hadoop-2.8.0\share\hadoop\mapreduce\*;C:\Softwares\Hadoop\hadoop2.8\hadoop-2.8.0\share\hadoop\common\lib\*;C:\Program Files (x86)\sbt\bin;C:\Softwares\Scala\scala-2.12.2\bin;C:\Softwares\Spark\spark-2.2.0-bin-hadoop2.7\bin;C:\Program Files (x86)\Microsoft Visual Studio\2017\Community\Common7\IDE;C:\Windows\Microsoft.NET\Framework64\v4.0.30319;C:\Softwares\Anaconda2;C:\Softwares\Anaconda2\Scripts;C:\Softwares\Anaconda2\Library\bin;C:\Users\Lenovo\AppData\Local\Microsoft\WindowsApps;C:\Softwares\CMake\bin;C:\Users\Lenovo\AppData\Roaming\npm;C:\Users\Lenovo\Desktop;;."/>
    <property name="java.specification.name" value="Java Platform API Specification"/>
    <property name="java.class.version" value="52.0"/>
    <property name="sun.management.compiler" value="HotSpot 64-Bit Tiered Compilers"/>
    <property name="os.version" value="10.0"/>
    <property name="user.home" value="C:\Users\Lenovo"/>
    <property name="user.timezone" value="Asia/Calcutta"/>
    <property name="java.awt.printerjob" value="sun.awt.windows.WPrinterJob"/>
    <property name="java.specification.version" value="1.8"/>
    <property name="file.encoding" value="Cp1252"/>
    <property name="user.name" value="Lenovo"/>
    <property name="java.class.path" value="/C:/Softwares/java-neon/eclipse/../../../Users/Lenovo/.p2/pool/plugins/org.eclipse.m2e.maven.runtime_1.7.0.20160603-1931/jars/plexus-classworlds-2.5.2.jar"/>
    <property name="java.vm.specification.version" value="1.8"/>
    <property name="sun.arch.data.model" value="64"/>
    <property name="java.home" value="C:\Softwares\Java\jdk1.8.0_121\jre"/>
    <property name="sun.java.command" value="org.codehaus.plexus.classworlds.launcher.Launcher -B clean install"/>
    <property name="java.specification.vendor" value="Oracle Corporation"/>
    <property name="user.language" value="en"/>
    <property name="awt.toolkit" value="sun.awt.windows.WToolkit"/>
    <property name="java.vm.info" value="mixed mode"/>
    <property name="java.version" value="1.8.0_121"/>
    <property name="java.ext.dirs" value="C:\Softwares\Java\jdk1.8.0_121\jre\lib\ext;C:\WINDOWS\Sun\Java\lib\ext"/>
    <property name="sun.boot.class.path" value="C:\Softwares\Java\jdk1.8.0_121\jre\lib\resources.jar;C:\Softwares\Java\jdk1.8.0_121\jre\lib\rt.jar;C:\Softwares\Java\jdk1.8.0_121\jre\lib\sunrsasign.jar;C:\Softwares\Java\jdk1.8.0_121\jre\lib\jsse.jar;C:\Softwares\Java\jdk1.8.0_121\jre\lib\jce.jar;C:\Softwares\Java\jdk1.8.0_121\jre\lib\charsets.jar;C:\Softwares\Java\jdk1.8.0_121\jre\lib\jfr.jar;C:\Softwares\Java\jdk1.8.0_121\jre\classes"/>
    <property name="java.vendor" value="Oracle Corporation"/>
    <property name="maven.home" value="C:\Techolution\IOTPractise\TrainingSession\DemoWorkspace\Pizzaquality\EMBEDDED"/>
    <property name="file.separator" value="\"/>
    <property name="java.vendor.url.bug" value="http://bugreport.sun.com/bugreport/"/>
    <property name="sun.cpu.endian" value="little"/>
    <property name="sun.io.unicode.encoding" value="UnicodeLittle"/>
    <property name="sun.desktop" value="windows"/>
    <property name="sun.cpu.isalist" value="amd64"/>
  </properties>
  <testcase classname="Pizza.Pizzaquality.AppTest" name="testApp" time="0.004"/>
</testsuite>